0 info it worked if it ends with ok
1 verbose cli [ '/usr/local/bin/node', '/usr/local/bin/npm', 'link' ]
2 info using npm@4.1.2
3 info using node@v7.7.3
4 verbose linkPkg /Users/cc/Documents/FEDevelop/chaochao_project/simple-webpack
5 silly gentlyRm /usr/local/lib/node_modules/simple-webpack is being purged
6 verbose gentlyRm don't care about contents; nuking /usr/local/lib/node_modules/simple-webpack
7 verbose stack Error: EACCES: permission denied, symlink '/Users/cc/Documents/FEDevelop/chaochao_project/simple-webpack' -> '/usr/local/lib/node_modules/simple-webpack'
8 verbose cwd /Users/cc/Documents/FEDevelop/chaochao_project/simple-webpack
9 error Darwin 15.3.0
10 error argv "/usr/local/bin/node" "/usr/local/bin/npm" "link"
11 error node v7.7.3
12 error npm  v4.1.2
13 error path /Users/cc/Documents/FEDevelop/chaochao_project/simple-webpack
14 error code EACCES
15 error errno -13
16 error syscall symlink
17 error Error: EACCES: permission denied, symlink '/Users/cc/Documents/FEDevelop/chaochao_project/simple-webpack' -> '/usr/local/lib/node_modules/simple-webpack'
17 error  { Error: EACCES: permission denied, symlink '/Users/cc/Documents/FEDevelop/chaochao_project/simple-webpack' -> '/usr/local/lib/node_modules/simple-webpack'
17 error   errno: -13,
17 error   code: 'EACCES',
17 error   syscall: 'symlink',
17 error   path: '/Users/cc/Documents/FEDevelop/chaochao_project/simple-webpack',
17 error   dest: '/usr/local/lib/node_modules/simple-webpack' }
18 error Please try running this command again as root/Administrator.
19 verbose exit [ -13, true ]
